<?xml version="1.0" encoding="UTF-8"?>
<!-- Generated by org.testng.reporters.JUnitReportReporter -->
<testsuite hostname="DESKTOP-TL7JMH0" name="org.maven.Purple" tests="1" failures="0" timestamp="3 Jul 2020 07:32:24 GMT" time="45.877" errors="0">
  <testcase name="form" time="45.877" classname="org.maven.Purple"/>
</testsuite> <!-- org.maven.Purple -->
